Base path: 'C:/Program Files/Unity/Hub/Editor/2019.2.6f1/Editor/Data', plugins path 'C:/Program Files/Unity/Hub/Editor/2019.2.6f1/Editor/Data/PlaybackEngines'
Cmd: initializeCompiler
Cmd: compileSnippet
  api=4 type=0 insize=1596 outsize=2746 kw=UNITY_PASS_FORWARDBASE DIRECTIONAL LIGHTPROBE_SH VERTEXLIGHT_ON _ALPHAPREMULTIPLY_ON _SMOOTHNESS_TEXTURE_ALBEDO_CHANNEL_A _GLOSSYREFLECTIONS_OFF pd=UNITY_ENABLE_REFLECTION_BUFFERS UNITY_USE_DITHER_MASK_FOR_ALPHABLENDED_SHADOWS UNITY_PBS_USE_BRDF1 UNITY_SPECCUBE_BOX_PROJECTION UNITY_SPECCUBE_BLENDING UNITY_ENABLE_DETAIL_NORMALMAP SHADER_API_DESKTOP UNITY_COLORSPACE_GAMMA UNITY_LIGHT_PROBE_PROXY_VOLUME UNITY_LIGHTMAP_FULL_HDR ok=1
Cmd: initializeCompiler
Cmd: compileComputeKernel
  api=4 insize=18610 outsize=4952 ok=1
Cmd: compileComputeKernel
  api=4 insize=15603 outsize=15253 ok=1
Cmd: compileComputeKernel
  api=4 insize=15603 outsize=29775 ok=1
Cmd: compileComputeKernel
  api=4 insize=15603 outsize=63394 ok=1
Cmd: compileComputeKernel
  api=4 insize=15603 outsize=32144 ok=1
Cmd: compileComputeKernel
  api=4 insize=15603 outsize=66079 ok=1
Cmd: compileComputeKernel
  api=4 insize=15603 outsize=65759 ok=1
Cmd: compileComputeKernel
  api=4 insize=15603 outsize=50961 ok=1
Cmd: compileComputeKernel
  api=4 insize=15603 outsize=77324 ok=1
Cmd: compileComputeKernel
  api=4 insize=25750 outsize=13735 ok=1
Cmd: compileComputeKernel
  api=4 insize=25750 outsize=15879 ok=1
Cmd: compileComputeKernel
  api=4 insize=3797 outsize=1613 ok=1
Cmd: compileComputeKernel
  api=4 insize=5767 outsize=6007 ok=1
Cmd: compileComputeKernel
  api=4 insize=975 outsize=888 ok=1
Cmd: compileComputeKernel
  api=4 insize=9347 outsize=9146 ok=1
Cmd: compileComputeKernel
  api=4 insize=4025 outsize=4208 ok=1
Cmd: compileComputeKernel
  api=4 insize=7423 outsize=1033 ok=1
Cmd: compileComputeKernel
  api=4 insize=13624 outsize=2204 ok=1
Cmd: compileComputeKernel
  api=4 insize=21554 outsize=14055 ok=1
Cmd: compileComputeKernel
  api=4 insize=21751 outsize=21785 ok=1
Cmd: compileComputeKernel
  api=4 insize=8644 outsize=813 ok=1
Cmd: compileComputeKernel
  api=4 insize=2905 outsize=1865 ok=1
Cmd: compileComputeKernel
  api=4 insize=4423 outsize=2453 ok=1
Cmd: compileComputeKernel
  api=4 insize=3022 outsize=2047 ok=1
Cmd: compileComputeKernel
  api=4 insize=20668 outsize=95086 ok=1
Cmd: compileComputeKernel
  api=4 insize=36515 outsize=36696 ok=1
Cmd: compileComputeKernel
  api=4 insize=36515 outsize=35084 ok=1
Cmd: compileComputeKernel
  api=4 insize=17606 outsize=7333 ok=1
Cmd: compileComputeKernel
  api=4 insize=5065 outsize=1808 ok=1
Cmd: compileComputeKernel
  api=4 insize=8970 outsize=4890 ok=1
Cmd: compileComputeKernel
  api=4 insize=9814 outsize=3581 ok=1
Cmd: compileComputeKernel
  api=4 insize=7700 outsize=5715 ok=1
Cmd: compileComputeKernel
  api=4 insize=3918 outsize=677 ok=1
Cmd: compileComputeKernel
  api=4 insize=17632 outsize=5562 ok=1
Cmd: compileComputeKernel
  api=4 insize=5725 outsize=629 ok=1
Cmd: compileComputeKernel
  api=4 insize=19711 outsize=756 ok=1
Unhandled exception: Protocol error - unexpected end of data (did the Editor crash?)

Quitting shader compiler process
