Base path: 'C:/Program Files/Unity/Hub/Editor/2019.2.6f1/Editor/Data', plugins path 'C:/Program Files/Unity/Hub/Editor/2019.2.6f1/Editor/Data/PlaybackEngines'
Cmd: initializeCompiler
Cmd: compileSnippet
  api=4 type=0 insize=1596 outsize=2746 kw=UNITY_PASS_FORWARDBASE DIRECTIONAL LIGHTPROBE_SH VERTEXLIGHT_ON _SPECULARHIGHLIGHTS_OFF _GLOSSYREFLECTIONS_OFF pd=UNITY_ENABLE_REFLECTION_BUFFERS UNITY_USE_DITHER_MASK_FOR_ALPHABLENDED_SHADOWS UNITY_PBS_USE_BRDF1 UNITY_SPECCUBE_BOX_PROJECTION UNITY_SPECCUBE_BLENDING UNITY_ENABLE_DETAIL_NORMALMAP SHADER_API_DESKTOP UNITY_COLORSPACE_GAMMA UNITY_LIGHT_PROBE_PROXY_VOLUME UNITY_LIGHTMAP_FULL_HDR ok=1
Cmd: initializeCompiler
Cmd: compileComputeKernel
  api=4 insize=2549 outsize=935 ok=1
Cmd: compileComputeKernel
  api=4 insize=15603 outsize=114003 ok=1
Cmd: compileComputeKernel
  api=4 insize=15603 outsize=14009 ok=1
Cmd: compileComputeKernel
  api=4 insize=15603 outsize=22344 ok=1
Cmd: compileComputeKernel
  api=4 insize=15603 outsize=42069 ok=1
Cmd: compileComputeKernel
  api=4 insize=15603 outsize=47261 ok=1
Cmd: compileComputeKernel
  api=4 insize=15603 outsize=57861 ok=1
Cmd: compileComputeKernel
  api=4 insize=15603 outsize=68268 ok=1
Cmd: compileComputeKernel
  api=4 insize=25750 outsize=15917 ok=1
Cmd: compileComputeKernel
  api=4 insize=1326 outsize=678 ok=1
Cmd: compileComputeKernel
  api=4 insize=11251 outsize=5613 ok=1
Cmd: compileComputeKernel
  api=4 insize=9347 outsize=7844 ok=1
Cmd: compileComputeKernel
  api=4 insize=4918 outsize=2350 ok=1
Cmd: compileComputeKernel
  api=4 insize=7423 outsize=6586 ok=1
Cmd: compileComputeKernel
  api=4 insize=3092 outsize=1991 ok=1
Cmd: compileComputeKernel
  api=4 insize=13624 outsize=3986 ok=1
Cmd: compileComputeKernel
  api=4 insize=21554 outsize=15798 ok=1
Cmd: compileComputeKernel
  api=4 insize=7247 outsize=8217 ok=1
Cmd: compileComputeKernel
  api=4 insize=5906 outsize=9178 ok=1
Cmd: compileComputeKernel
  api=4 insize=8644 outsize=660 ok=1
Cmd: compileComputeKernel
  api=4 insize=642 outsize=741 ok=1
Cmd: compileComputeKernel
  api=4 insize=857 outsize=578 ok=1
Cmd: compileComputeKernel
  api=4 insize=36515 outsize=33663 ok=1
Cmd: compileComputeKernel
  api=4 insize=36515 outsize=36696 ok=1
Cmd: compileComputeKernel
  api=4 insize=5065 outsize=1174 ok=1
Cmd: compileComputeKernel
  api=4 insize=5065 outsize=898 ok=1
Cmd: compileComputeKernel
  api=4 insize=8970 outsize=244 ok=1
Cmd: compileComputeKernel
  api=4 insize=9814 outsize=4225 ok=1
Cmd: compileComputeKernel
  api=4 insize=7700 outsize=7862 ok=1
Cmd: compileComputeKernel
  api=4 insize=3918 outsize=2830 ok=1
Cmd: compileComputeKernel
  api=4 insize=17632 outsize=638 ok=1
Unhandled exception: Protocol error - unexpected end of data (did the Editor crash?)

Quitting shader compiler process
